---
title: The Blocklist of Optimization Rules and Expression Pushdown
summary: TiDBの最適化ルールと式プッシュダウンのブロックリストを使用して、動作を制御する方法を紹介します。最適化ルールのブロックリストは、特定の最適化ルールを手動で無効にするために使用されます。式プッシュダウンのブロックリストは、特定のデータ型の一部の式を手動で無効にするために使用されます。これらのブロックリストを使用することで、アプリケーションを迅速に回復できます。
---

# 最適化ルールと式プッシュダウンのブロックリスト {#the-blocklist-of-optimization-rules-and-expression-pushdown}

このドキュメントでは、最適化ルールのブロックリストと式プッシュダウンのブロックリストを使用して TiDB の動作を制御する方法を紹介します。

## 最適化ルールのブロックリスト {#the-blocklist-of-optimization-rules}

最適化ルールのブロックリストは、最適化ルールを調整する 1 つの方法であり、主に一部の最適化ルールを手動で無効にするために使用されます。

### 重要な最適化ルール {#important-optimization-rules}

| **最適化ルール**                     | **ルール名**              | **説明**                                                                                |
| :----------------------------- | :-------------------- | :------------------------------------------------------------------------------------ |
| カラム刈り                          | 列プルーン                 | 上位の実行者が列を必要としない場合、1 人のオペレーターが列をプルーニングします。                                             |
| サブクエリの相関関係を解除する                | 相関関係を解除する             | 相関サブクエリを非相関結合または集計に書き換えようとします。                                                        |
| 集計の除去                          | aggregation_eliminate | 実行計画から不要な集計演算子を削除しようとします。                                                             |
| 突起の除去                          | 投影_削除                 | 実行計画から不要な射影演算子を削除します。                                                                 |
| 最大/最小の消去                       | max_min_eliminate     | 集計内のいくつかの最大/最小関数を`order by` + `limit 1`形式に書き換えます。                                     |
| 述語のプッシュダウン                     | predicate_push_down   | 述語をデータ ソースに近い演算子にプッシュしようとします。                                                         |
| 外部結合の削除                        | アウタージョインエリミネート        | 実行計画から不要な左結合または右結合を削除しようとします。                                                         |
| パーティションのプルーニング                 | パーティションプロセッサ          | 述語によって拒否されたパーティションをプルーニングし、パーティションテーブルクエリを`UnionAll + Partition Datasource`形式に書き換えます。 |
| 集計プッシュダウン                      | aggregation_push_down | 集約を子にプッシュしようとします。                                                                     |
| トップNプッシュダウン                    | トップン_プッシュ_ダウン         | TopN 演算子をデータ ソースに近い場所にプッシュしようとします。                                                    |
| 結合の再注文                         | 参加_再注文                | 複数テーブルの結合の順序を決定します。                                                                   |
| ウィンドウ関数から TopN または Limit を導出する | 派生_topn_from_window   | ウィンドウ関数から TopN または Limit 演算子を導出します。                                                   |

### 最適化ルールを無効にする {#disable-optimization-rules}

一部のルールが特殊なクエリの実行プランを最適化しない場合は、最適化ルールのブロックリストを使用してルールの一部を無効にすることができます。

#### 使用法 {#usage}

> **注記：**
>
> 以下のすべての操作には、データベースの`super privilege`権限が必要です。各最適化ルールには名前があります。たとえば、列枝刈りの名前は`column_prune`です。すべての最適化ルールの名前は、表[重要な最適化ルール](#important-optimization-rules)の 2 番目の列にあります。

-   一部のルールを無効にしたい場合は、その名前を`mysql.opt_rule_blacklist`テーブルに書き込みます。例えば：

    ```sql
    INSERT INTO mysql.opt_rule_blacklist VALUES("join_reorder"), ("topn_push_down");
    ```

    次の SQL ステートメントを実行すると、上記の操作がすぐに有効になります。有効範囲には、対応する TiDBサーバーの古い接続がすべて含まれます。

    ```sql
    admin reload opt_rule_blacklist;
    ```

    > **注記：**
    >
    > `admin reload opt_rule_blacklist`上記のステートメントが実行された TiDBサーバーでのみ有効です。クラスターのすべての TiDB サーバーを有効にする場合は、各 TiDBサーバーでこのコマンドを実行します。

-   ルールを再度有効にする場合は、テーブル内の対応するデータを削除してから、 `admin reload`ステートメントを実行します。

    ```sql
    DELETE FROM mysql.opt_rule_blacklist WHERE name IN ("join_reorder", "topn_push_down");
    ```

    ```sql
    admin reload opt_rule_blacklist;
    ```

## 式プッシュダウンのブロックリスト {#the-blocklist-of-expression-pushdown}

式プッシュダウンのブロックリストは式プッシュダウンを調整する 1 つの方法であり、主に特定のデータ型の一部の式を手動で無効にするために使用されます。

### プッシュダウンがサポートされている式 {#expressions-that-are-supported-to-be-pushed-down}

プッシュダウンがサポートされている式の詳細については、 [TiKV へのプッシュダウンでサポートされる式](/functions-and-operators/expressions-pushed-down.md#supported-expressions-for-pushdown-to-tikv)を参照してください。

### 特定の式のプッシュダウンを無効にする {#disable-the-pushdown-of-specific-expressions}

式のプッシュダウンにより間違った結果が得られた場合、ブロックリストを使用してアプリケーションを迅速に回復できます。具体的には、サポートされている関数または演算子の一部を`mysql.expr_pushdown_blacklist`テーブルに追加して、特定の式のプッシュダウンを無効にすることができます。

`mysql.expr_pushdown_blacklist`のスキーマは次のように示されます。

```sql
DESC mysql.expr_pushdown_blacklist;
```

```sql
+------------+--------------+------+------+-------------------+-------+
| Field      | Type         | Null | Key  | Default           | Extra |
+------------+--------------+------+------+-------------------+-------+
| name       | char(100)    | NO   |      | NULL              |       |
| store_type | char(100)    | NO   |      | tikv,tiflash,tidb |       |
| reason     | varchar(200) | YES  |      | NULL              |       |
+------------+--------------+------+------+-------------------+-------+
3 rows in set (0.00 sec)
```

上記の各フィールドの説明は次のとおりです。

-   `name` : プッシュダウンを無効にする機能の名前。
-   `store_type` :コンポーネントを指定します。使用可能なコンポーネントは`tidb` 、 `tikv` 、および`tiflash`です。 `store_type`は大文字と小文字が区別されません。複数のコンポーネントを指定する必要がある場合は、コンマを使用して各コンポーネントを区切ります。
    -   `store_type`が`tidb`の場合、TiDBメモリテーブルの読み取り中に他の TiDB サーバーで関数を実行できるかどうかを示します。
    -   `store_type`が`tikv`の場合、関数が TiKV サーバーのコプロセッサーコンポーネントで実行できるかどうかを示します。
    -   `store_type`が`tiflash`の場合、関数がTiFlash Server のコプロセッサーコンポーネントで実行できるかどうかを示します。
-   `reason` : この関数がブロックリストに追加された理由を記録します。

### 使用法 {#usage}

このセクションでは、式プッシュダウンのブロックリストの使用方法について説明します。

#### ブロックリストに追加する {#add-to-the-blocklist}

1 つ以上の式 (関数または演算子) をブロックリストに追加するには、次の手順を実行します。

1.  対応する関数名または演算子名、およびプッシュダウンを無効にするコンポーネントのセットを`mysql.expr_pushdown_blacklist`テーブルに挿入します。

2.  `admin reload expr_pushdown_blacklist`を実行します。

### ブロックリストから削除する {#remove-from-the-blocklist}

ブロックリストから 1 つ以上の式を削除するには、次の手順を実行します。

1.  対応する関数名または演算子名、およびプッシュダウンを無効にするコンポーネントのセットを`mysql.expr_pushdown_blacklist`テーブルから削除します。

2.  `admin reload expr_pushdown_blacklist`を実行します。

> **注記：**
>
> `admin reload expr_pushdown_blacklist`は、このステートメントが実行される TiDBサーバーでのみ有効です。クラスターのすべての TiDB サーバーを有効にする場合は、各 TiDBサーバーでこのコマンドを実行します。

## 式ブロックリストの使用例 {#expression-blocklist-usage-example}

次の例では、 `<`と`>`演算子がブロックリストに追加され、 `>`演算子がブロックリストから削除されます。

ブロックリストが有効かどうかを判断するには、 `EXPLAIN`の結果を観察します ( [TiDB クエリ実行計画の概要](/explain-overview.md)を参照)。

1.  次の SQL ステートメントの`WHERE`句の述語`a < 2`と`a > 2`を TiKV にプッシュダウンできます。

    ```sql
    EXPLAIN SELECT * FROM t WHERE a < 2 AND a > 2;
    ```

    ```sql
    +-------------------------+----------+-----------+---------------+------------------------------------+
    | id                      | estRows  | task      | access object | operator info                      |
    +-------------------------+----------+-----------+---------------+------------------------------------+
    | TableReader_7           | 0.00     | root      |               | data:Selection_6                   |
    | └─Selection_6           | 0.00     | cop[tikv] |               | gt(ssb_1.t.a, 2), lt(ssb_1.t.a, 2) |
    |   └─TableFullScan_5     | 10000.00 | cop[tikv] | table:t       | keep order:false, stats:pseudo     |
    +-------------------------+----------+-----------+---------------+------------------------------------+
    3 rows in set (0.00 sec)
    ```

2.  `mysql.expr_pushdown_blacklist`テーブルに式を挿入し、 `admin reload expr_pushdown_blacklist`を実行します。

    ```sql
    INSERT INTO mysql.expr_pushdown_blacklist VALUES('<','tikv',''), ('>','tikv','');
    ```

    ```sql
    Query OK, 2 rows affected (0.01 sec)
    Records: 2  Duplicates: 0  Warnings: 0
    ```

    ```sql
    admin reload expr_pushdown_blacklist;
    ```

    ```sql
    Query OK, 0 rows affected (0.00 sec)
    ```

3.  実行プランをもう一度観察すると、 `<`と`>`演算子が両方とも TiKVコプロセッサーにプッシュダウンされていないことがわかります。

    ```sql
    EXPLAIN SELECT * FROM t WHERE a < 2 and a > 2;
    ```

    ```sql
    +-------------------------+----------+-----------+---------------+------------------------------------+
    | id                      | estRows  | task      | access object | operator info                      |
    +-------------------------+----------+-----------+---------------+------------------------------------+
    | Selection_7             | 10000.00 | root      |               | gt(ssb_1.t.a, 2), lt(ssb_1.t.a, 2) |
    | └─TableReader_6         | 10000.00 | root      |               | data:TableFullScan_5               |
    |   └─TableFullScan_5     | 10000.00 | cop[tikv] | table:t       | keep order:false, stats:pseudo     |
    +-------------------------+----------+-----------+---------------+------------------------------------+
    3 rows in set (0.00 sec)
    ```

4.  ブロックリストから 1 つの式 (ここでは`>` ) を削除し、 `admin reload expr_pushdown_blacklist`を実行します。

    ```sql
    DELETE FROM mysql.expr_pushdown_blacklist WHERE name = '>';
    ```

    ```sql
    Query OK, 1 row affected (0.01 sec)
    ```

    ```sql
    admin reload expr_pushdown_blacklist;
    ```

    ```sql
    Query OK, 0 rows affected (0.00 sec)
    ```

5.  実行プランをもう一度観察すると、 `<`はプッシュダウンされていないが、 `>`は TiKVコプロセッサーにプッシュダウンされていることがわかります。

    ```sql
    EXPLAIN SELECT * FROM t WHERE a < 2 AND a > 2;
    ```

    ```sql
    +---------------------------+----------+-----------+---------------+--------------------------------+
    | id                        | estRows  | task      | access object | operator info                  |
    +---------------------------+----------+-----------+---------------+--------------------------------+
    | Selection_8               | 0.00     | root      |               | lt(ssb_1.t.a, 2)               |
    | └─TableReader_7           | 0.00     | root      |               | data:Selection_6               |
    |   └─Selection_6           | 0.00     | cop[tikv] |               | gt(ssb_1.t.a, 2)               |
    |     └─TableFullScan_5     | 10000.00 | cop[tikv] | table:t       | keep order:false, stats:pseudo |
    +---------------------------+----------+-----------+---------------+--------------------------------+
    4 rows in set (0.00 sec)
    ```
